WARNING - 2025-03-14 19:55:00 --> [DEPRECATED] Optional parameter $message declared before required parameter $typeMessage is implicitly treated as a required parameter in APPPATH/Controllers/Pattern/SystemMessageController.php on line 30.
 1 SYSTEMPATH/Autoloader/Autoloader.php(316): include_once('/var/www/html/src/system/Debug/Exceptions.php')
 2 SYSTEMPATH/Autoloader/Autoloader.php(295): CodeIgniter\Autoloader\Autoloader->includeFile('/var/www/html/src/app/Controllers/Pattern/SystemMessageController.php')
 3 SYSTEMPATH/Autoloader/Autoloader.php(271): CodeIgniter\Autoloader\Autoloader->loadInNamespace('App\\Controllers\\Pattern\\SystemMessageController')
 4 APPPATH/Controllers/Pattern/TokenCsrfController.php(18): CodeIgniter\Autoloader\Autoloader->loadClass('App\\Controllers\\Pattern\\SystemMessageController')
 5 APPPATH/Controllers/Usuario/EndpointController.php(36): App\Controllers\Pattern\TokenCsrfController->__construct()
 6 SYSTEMPATH/CodeIgniter.php(903): App\Controllers\Usuario\EndpointController->__construct()
 7 SYSTEMPATH/CodeIgniter.php(498): CodeIgniter\CodeIgniter->createController()
 8 SYSTEMPATH/CodeIgniter.php(354): CodeIgniter\CodeIgniter->handleRequest(null, Object(Config\Cache), false)
 9 SYSTEMPATH/Boot.php(334): CodeIgniter\CodeIgniter->run()
10 SYSTEMPATH/Boot.php(67): CodeIgniter\Boot::runCodeIgniter(Object(CodeIgniter\CodeIgniter))
11 FCPATH/index.php(56): CodeIgniter\Boot::bootWeb(Object(Config\Paths))
DEBUG - 2025-03-14 19:55:01 --> Session: Class initialized using 'CodeIgniter\Session\Handlers\FileHandler' driver.
WARNING - 2025-03-14 19:57:41 --> [DEPRECATED] Optional parameter $message declared before required parameter $typeMessage is implicitly treated as a required parameter in APPPATH/Controllers/Pattern/SystemMessageController.php on line 30.
 1 SYSTEMPATH/Autoloader/Autoloader.php(316): include_once('/var/www/html/src/system/Debug/Exceptions.php')
 2 SYSTEMPATH/Autoloader/Autoloader.php(295): CodeIgniter\Autoloader\Autoloader->includeFile('/var/www/html/src/app/Controllers/Pattern/SystemMessageController.php')
 3 SYSTEMPATH/Autoloader/Autoloader.php(271): CodeIgniter\Autoloader\Autoloader->loadInNamespace('App\\Controllers\\Pattern\\SystemMessageController')
 4 APPPATH/Controllers/Usuario/DbController.php(29): CodeIgniter\Autoloader\Autoloader->loadClass('App\\Controllers\\Pattern\\SystemMessageController')
 5 APPPATH/Controllers/Usuario/ApiController.php(26): App\Controllers\Usuario\DbController->__construct()
 6 SYSTEMPATH/CodeIgniter.php(903): App\Controllers\Usuario\ApiController->__construct()
 7 SYSTEMPATH/CodeIgniter.php(498): CodeIgniter\CodeIgniter->createController()
 8 SYSTEMPATH/CodeIgniter.php(354): CodeIgniter\CodeIgniter->handleRequest(null, Object(Config\Cache), false)
 9 SYSTEMPATH/Boot.php(334): CodeIgniter\CodeIgniter->run()
10 SYSTEMPATH/Boot.php(67): CodeIgniter\Boot::runCodeIgniter(Object(CodeIgniter\CodeIgniter))
11 FCPATH/index.php(56): CodeIgniter\Boot::bootWeb(Object(Config\Paths))
DEBUG - 2025-03-14 19:57:42 --> Session: Class initialized using 'CodeIgniter\Session\Handlers\FileHandler' driver.
WARNING - 2025-03-14 19:58:27 --> [DEPRECATED] Optional parameter $message declared before required parameter $typeMessage is implicitly treated as a required parameter in APPPATH/Controllers/Pattern/SystemMessageController.php on line 30.
 1 SYSTEMPATH/Autoloader/Autoloader.php(316): include_once('/var/www/html/src/system/Debug/Exceptions.php')
 2 SYSTEMPATH/Autoloader/Autoloader.php(295): CodeIgniter\Autoloader\Autoloader->includeFile('/var/www/html/src/app/Controllers/Pattern/SystemMessageController.php')
 3 SYSTEMPATH/Autoloader/Autoloader.php(271): CodeIgniter\Autoloader\Autoloader->loadInNamespace('App\\Controllers\\Pattern\\SystemMessageController')
 4 APPPATH/Controllers/Pattern/TokenCsrfController.php(18): CodeIgniter\Autoloader\Autoloader->loadClass('App\\Controllers\\Pattern\\SystemMessageController')
 5 APPPATH/Controllers/Usuario/EndpointController.php(36): App\Controllers\Pattern\TokenCsrfController->__construct()
 6 SYSTEMPATH/CodeIgniter.php(903): App\Controllers\Usuario\EndpointController->__construct()
 7 SYSTEMPATH/CodeIgniter.php(498): CodeIgniter\CodeIgniter->createController()
 8 SYSTEMPATH/CodeIgniter.php(354): CodeIgniter\CodeIgniter->handleRequest(null, Object(Config\Cache), false)
 9 SYSTEMPATH/Boot.php(334): CodeIgniter\CodeIgniter->run()
10 SYSTEMPATH/Boot.php(67): CodeIgniter\Boot::runCodeIgniter(Object(CodeIgniter\CodeIgniter))
11 FCPATH/index.php(56): CodeIgniter\Boot::bootWeb(Object(Config\Paths))
DEBUG - 2025-03-14 19:58:27 --> Session: Class initialized using 'CodeIgniter\Session\Handlers\FileHandler' driver.
WARNING - 2025-03-14 20:02:34 --> [DEPRECATED] Optional parameter $message declared before required parameter $typeMessage is implicitly treated as a required parameter in APPPATH/Controllers/Pattern/SystemMessageController.php on line 30.
 1 SYSTEMPATH/Autoloader/Autoloader.php(316): include_once('/var/www/html/src/system/Debug/Exceptions.php')
 2 SYSTEMPATH/Autoloader/Autoloader.php(295): CodeIgniter\Autoloader\Autoloader->includeFile('/var/www/html/src/app/Controllers/Pattern/SystemMessageController.php')
 3 SYSTEMPATH/Autoloader/Autoloader.php(271): CodeIgniter\Autoloader\Autoloader->loadInNamespace('App\\Controllers\\Pattern\\SystemMessageController')
 4 APPPATH/Controllers/Usuario/DbController.php(29): CodeIgniter\Autoloader\Autoloader->loadClass('App\\Controllers\\Pattern\\SystemMessageController')
 5 APPPATH/Controllers/Usuario/ApiController.php(26): App\Controllers\Usuario\DbController->__construct()
 6 SYSTEMPATH/CodeIgniter.php(903): App\Controllers\Usuario\ApiController->__construct()
 7 SYSTEMPATH/CodeIgniter.php(498): CodeIgniter\CodeIgniter->createController()
 8 SYSTEMPATH/CodeIgniter.php(354): CodeIgniter\CodeIgniter->handleRequest(null, Object(Config\Cache), false)
 9 SYSTEMPATH/Boot.php(334): CodeIgniter\CodeIgniter->run()
10 SYSTEMPATH/Boot.php(67): CodeIgniter\Boot::runCodeIgniter(Object(CodeIgniter\CodeIgniter))
11 FCPATH/index.php(56): CodeIgniter\Boot::bootWeb(Object(Config\Paths))
DEBUG - 2025-03-14 20:02:35 --> Session: Class initialized using 'CodeIgniter\Session\Handlers\FileHandler' driver.
WARNING - 2025-03-14 20:02:39 --> [DEPRECATED] Optional parameter $message declared before required parameter $typeMessage is implicitly treated as a required parameter in APPPATH/Controllers/Pattern/SystemMessageController.php on line 30.
 1 SYSTEMPATH/Autoloader/Autoloader.php(316): include_once('/var/www/html/src/system/Debug/Exceptions.php')
 2 SYSTEMPATH/Autoloader/Autoloader.php(295): CodeIgniter\Autoloader\Autoloader->includeFile('/var/www/html/src/app/Controllers/Pattern/SystemMessageController.php')
 3 SYSTEMPATH/Autoloader/Autoloader.php(271): CodeIgniter\Autoloader\Autoloader->loadInNamespace('App\\Controllers\\Pattern\\SystemMessageController')
 4 APPPATH/Controllers/Pattern/TokenCsrfController.php(18): CodeIgniter\Autoloader\Autoloader->loadClass('App\\Controllers\\Pattern\\SystemMessageController')
 5 APPPATH/Controllers/Usuario/EndpointController.php(36): App\Controllers\Pattern\TokenCsrfController->__construct()
 6 SYSTEMPATH/CodeIgniter.php(903): App\Controllers\Usuario\EndpointController->__construct()
 7 SYSTEMPATH/CodeIgniter.php(498): CodeIgniter\CodeIgniter->createController()
 8 SYSTEMPATH/CodeIgniter.php(354): CodeIgniter\CodeIgniter->handleRequest(null, Object(Config\Cache), false)
 9 SYSTEMPATH/Boot.php(334): CodeIgniter\CodeIgniter->run()
10 SYSTEMPATH/Boot.php(67): CodeIgniter\Boot::runCodeIgniter(Object(CodeIgniter\CodeIgniter))
11 FCPATH/index.php(56): CodeIgniter\Boot::bootWeb(Object(Config\Paths))
DEBUG - 2025-03-14 20:02:39 --> Session: Class initialized using 'CodeIgniter\Session\Handlers\FileHandler' driver.
WARNING - 2025-03-14 20:03:17 --> [DEPRECATED] Optional parameter $message declared before required parameter $typeMessage is implicitly treated as a required parameter in APPPATH/Controllers/Pattern/SystemMessageController.php on line 30.
 1 SYSTEMPATH/Autoloader/Autoloader.php(316): include_once('/var/www/html/src/system/Debug/Exceptions.php')
 2 SYSTEMPATH/Autoloader/Autoloader.php(295): CodeIgniter\Autoloader\Autoloader->includeFile('/var/www/html/src/app/Controllers/Pattern/SystemMessageController.php')
 3 SYSTEMPATH/Autoloader/Autoloader.php(271): CodeIgniter\Autoloader\Autoloader->loadInNamespace('App\\Controllers\\Pattern\\SystemMessageController')
 4 APPPATH/Controllers/Usuario/DbController.php(29): CodeIgniter\Autoloader\Autoloader->loadClass('App\\Controllers\\Pattern\\SystemMessageController')
 5 APPPATH/Controllers/Usuario/ApiController.php(26): App\Controllers\Usuario\DbController->__construct()
 6 SYSTEMPATH/CodeIgniter.php(903): App\Controllers\Usuario\ApiController->__construct()
 7 SYSTEMPATH/CodeIgniter.php(498): CodeIgniter\CodeIgniter->createController()
 8 SYSTEMPATH/CodeIgniter.php(354): CodeIgniter\CodeIgniter->handleRequest(null, Object(Config\Cache), false)
 9 SYSTEMPATH/Boot.php(334): CodeIgniter\CodeIgniter->run()
10 SYSTEMPATH/Boot.php(67): CodeIgniter\Boot::runCodeIgniter(Object(CodeIgniter\CodeIgniter))
11 FCPATH/index.php(56): CodeIgniter\Boot::bootWeb(Object(Config\Paths))
DEBUG - 2025-03-14 20:03:18 --> Session: Class initialized using 'CodeIgniter\Session\Handlers\FileHandler' driver.
WARNING - 2025-03-14 20:03:23 --> [DEPRECATED] Optional parameter $message declared before required parameter $typeMessage is implicitly treated as a required parameter in APPPATH/Controllers/Pattern/SystemMessageController.php on line 30.
 1 SYSTEMPATH/Autoloader/Autoloader.php(316): include_once('/var/www/html/src/system/Debug/Exceptions.php')
 2 SYSTEMPATH/Autoloader/Autoloader.php(295): CodeIgniter\Autoloader\Autoloader->includeFile('/var/www/html/src/app/Controllers/Pattern/SystemMessageController.php')
 3 SYSTEMPATH/Autoloader/Autoloader.php(271): CodeIgniter\Autoloader\Autoloader->loadInNamespace('App\\Controllers\\Pattern\\SystemMessageController')
 4 APPPATH/Controllers/Pattern/TokenCsrfController.php(18): CodeIgniter\Autoloader\Autoloader->loadClass('App\\Controllers\\Pattern\\SystemMessageController')
 5 APPPATH/Controllers/Usuario/EndpointController.php(36): App\Controllers\Pattern\TokenCsrfController->__construct()
 6 SYSTEMPATH/CodeIgniter.php(903): App\Controllers\Usuario\EndpointController->__construct()
 7 SYSTEMPATH/CodeIgniter.php(498): CodeIgniter\CodeIgniter->createController()
 8 SYSTEMPATH/CodeIgniter.php(354): CodeIgniter\CodeIgniter->handleRequest(null, Object(Config\Cache), false)
 9 SYSTEMPATH/Boot.php(334): CodeIgniter\CodeIgniter->run()
10 SYSTEMPATH/Boot.php(67): CodeIgniter\Boot::runCodeIgniter(Object(CodeIgniter\CodeIgniter))
11 FCPATH/index.php(56): CodeIgniter\Boot::bootWeb(Object(Config\Paths))
DEBUG - 2025-03-14 20:03:23 --> Session: Class initialized using 'CodeIgniter\Session\Handlers\FileHandler' driver.
WARNING - 2025-03-14 20:13:47 --> [DEPRECATED] Optional parameter $message declared before required parameter $typeMessage is implicitly treated as a required parameter in APPPATH/Controllers/Pattern/SystemMessageController.php on line 30.
 1 SYSTEMPATH/Autoloader/Autoloader.php(316): include_once('/var/www/html/src/system/Debug/Exceptions.php')
 2 SYSTEMPATH/Autoloader/Autoloader.php(295): CodeIgniter\Autoloader\Autoloader->includeFile('/var/www/html/src/app/Controllers/Pattern/SystemMessageController.php')
 3 SYSTEMPATH/Autoloader/Autoloader.php(271): CodeIgniter\Autoloader\Autoloader->loadInNamespace('App\\Controllers\\Pattern\\SystemMessageController')
 4 APPPATH/Controllers/Pattern/TokenCsrfController.php(18): CodeIgniter\Autoloader\Autoloader->loadClass('App\\Controllers\\Pattern\\SystemMessageController')
 5 APPPATH/Controllers/Usuario/EndpointController.php(36): App\Controllers\Pattern\TokenCsrfController->__construct()
 6 SYSTEMPATH/CodeIgniter.php(903): App\Controllers\Usuario\EndpointController->__construct()
 7 SYSTEMPATH/CodeIgniter.php(498): CodeIgniter\CodeIgniter->createController()
 8 SYSTEMPATH/CodeIgniter.php(354): CodeIgniter\CodeIgniter->handleRequest(null, Object(Config\Cache), false)
 9 SYSTEMPATH/Boot.php(334): CodeIgniter\CodeIgniter->run()
10 SYSTEMPATH/Boot.php(67): CodeIgniter\Boot::runCodeIgniter(Object(CodeIgniter\CodeIgniter))
11 FCPATH/index.php(56): CodeIgniter\Boot::bootWeb(Object(Config\Paths))
DEBUG - 2025-03-14 20:13:48 --> Session: Class initialized using 'CodeIgniter\Session\Handlers\FileHandler' driver.
WARNING - 2025-03-14 20:14:54 --> [DEPRECATED] Optional parameter $message declared before required parameter $typeMessage is implicitly treated as a required parameter in APPPATH/Controllers/Pattern/SystemMessageController.php on line 30.
 1 SYSTEMPATH/Autoloader/Autoloader.php(316): include_once('/var/www/html/src/system/Debug/Exceptions.php')
 2 SYSTEMPATH/Autoloader/Autoloader.php(295): CodeIgniter\Autoloader\Autoloader->includeFile('/var/www/html/src/app/Controllers/Pattern/SystemMessageController.php')
 3 SYSTEMPATH/Autoloader/Autoloader.php(271): CodeIgniter\Autoloader\Autoloader->loadInNamespace('App\\Controllers\\Pattern\\SystemMessageController')
 4 APPPATH/Controllers/Pattern/TokenCsrfController.php(18): CodeIgniter\Autoloader\Autoloader->loadClass('App\\Controllers\\Pattern\\SystemMessageController')
 5 APPPATH/Controllers/Usuario/EndpointController.php(36): App\Controllers\Pattern\TokenCsrfController->__construct()
 6 SYSTEMPATH/CodeIgniter.php(903): App\Controllers\Usuario\EndpointController->__construct()
 7 SYSTEMPATH/CodeIgniter.php(498): CodeIgniter\CodeIgniter->createController()
 8 SYSTEMPATH/CodeIgniter.php(354): CodeIgniter\CodeIgniter->handleRequest(null, Object(Config\Cache), false)
 9 SYSTEMPATH/Boot.php(334): CodeIgniter\CodeIgniter->run()
10 SYSTEMPATH/Boot.php(67): CodeIgniter\Boot::runCodeIgniter(Object(CodeIgniter\CodeIgniter))
11 FCPATH/index.php(56): CodeIgniter\Boot::bootWeb(Object(Config\Paths))
DEBUG - 2025-03-14 20:14:55 --> Session: Class initialized using 'CodeIgniter\Session\Handlers\FileHandler' driver.
WARNING - 2025-03-14 20:16:05 --> [DEPRECATED] Optional parameter $message declared before required parameter $typeMessage is implicitly treated as a required parameter in APPPATH/Controllers/Pattern/SystemMessageController.php on line 30.
 1 SYSTEMPATH/Autoloader/Autoloader.php(316): include_once('/var/www/html/src/system/Debug/Exceptions.php')
 2 SYSTEMPATH/Autoloader/Autoloader.php(295): CodeIgniter\Autoloader\Autoloader->includeFile('/var/www/html/src/app/Controllers/Pattern/SystemMessageController.php')
 3 SYSTEMPATH/Autoloader/Autoloader.php(271): CodeIgniter\Autoloader\Autoloader->loadInNamespace('App\\Controllers\\Pattern\\SystemMessageController')
 4 APPPATH/Controllers/Pattern/TokenCsrfController.php(18): CodeIgniter\Autoloader\Autoloader->loadClass('App\\Controllers\\Pattern\\SystemMessageController')
 5 APPPATH/Controllers/Usuario/EndpointController.php(36): App\Controllers\Pattern\TokenCsrfController->__construct()
 6 SYSTEMPATH/CodeIgniter.php(903): App\Controllers\Usuario\EndpointController->__construct()
 7 SYSTEMPATH/CodeIgniter.php(498): CodeIgniter\CodeIgniter->createController()
 8 SYSTEMPATH/CodeIgniter.php(354): CodeIgniter\CodeIgniter->handleRequest(null, Object(Config\Cache), false)
 9 SYSTEMPATH/Boot.php(334): CodeIgniter\CodeIgniter->run()
10 SYSTEMPATH/Boot.php(67): CodeIgniter\Boot::runCodeIgniter(Object(CodeIgniter\CodeIgniter))
11 FCPATH/index.php(56): CodeIgniter\Boot::bootWeb(Object(Config\Paths))
DEBUG - 2025-03-14 20:16:05 --> Session: Class initialized using 'CodeIgniter\Session\Handlers\FileHandler' driver.
WARNING - 2025-03-14 20:20:14 --> [DEPRECATED] Optional parameter $message declared before required parameter $typeMessage is implicitly treated as a required parameter in APPPATH/Controllers/Pattern/SystemMessageController.php on line 30.
 1 SYSTEMPATH/Autoloader/Autoloader.php(316): include_once('/var/www/html/src/system/Debug/Exceptions.php')
 2 SYSTEMPATH/Autoloader/Autoloader.php(295): CodeIgniter\Autoloader\Autoloader->includeFile('/var/www/html/src/app/Controllers/Pattern/SystemMessageController.php')
 3 SYSTEMPATH/Autoloader/Autoloader.php(271): CodeIgniter\Autoloader\Autoloader->loadInNamespace('App\\Controllers\\Pattern\\SystemMessageController')
 4 APPPATH/Controllers/Pattern/TokenCsrfController.php(18): CodeIgniter\Autoloader\Autoloader->loadClass('App\\Controllers\\Pattern\\SystemMessageController')
 5 APPPATH/Controllers/Usuario/EndpointController.php(36): App\Controllers\Pattern\TokenCsrfController->__construct()
 6 SYSTEMPATH/CodeIgniter.php(903): App\Controllers\Usuario\EndpointController->__construct()
 7 SYSTEMPATH/CodeIgniter.php(498): CodeIgniter\CodeIgniter->createController()
 8 SYSTEMPATH/CodeIgniter.php(354): CodeIgniter\CodeIgniter->handleRequest(null, Object(Config\Cache), false)
 9 SYSTEMPATH/Boot.php(334): CodeIgniter\CodeIgniter->run()
10 SYSTEMPATH/Boot.php(67): CodeIgniter\Boot::runCodeIgniter(Object(CodeIgniter\CodeIgniter))
11 FCPATH/index.php(56): CodeIgniter\Boot::bootWeb(Object(Config\Paths))
DEBUG - 2025-03-14 20:20:14 --> Session: Class initialized using 'CodeIgniter\Session\Handlers\FileHandler' driver.
WARNING - 2025-03-14 20:20:15 --> [DEPRECATED] Optional parameter $message declared before required parameter $typeMessage is implicitly treated as a required parameter in APPPATH/Controllers/Pattern/SystemMessageController.php on line 30.
 1 SYSTEMPATH/Autoloader/Autoloader.php(316): include_once('/var/www/html/src/system/Debug/Exceptions.php')
 2 SYSTEMPATH/Autoloader/Autoloader.php(295): CodeIgniter\Autoloader\Autoloader->includeFile('/var/www/html/src/app/Controllers/Pattern/SystemMessageController.php')
 3 SYSTEMPATH/Autoloader/Autoloader.php(271): CodeIgniter\Autoloader\Autoloader->loadInNamespace('App\\Controllers\\Pattern\\SystemMessageController')
 4 APPPATH/Controllers/Pattern/TokenCsrfController.php(18): CodeIgniter\Autoloader\Autoloader->loadClass('App\\Controllers\\Pattern\\SystemMessageController')
 5 APPPATH/Controllers/Usuario/EndpointController.php(36): App\Controllers\Pattern\TokenCsrfController->__construct()
 6 SYSTEMPATH/CodeIgniter.php(903): App\Controllers\Usuario\EndpointController->__construct()
 7 SYSTEMPATH/CodeIgniter.php(498): CodeIgniter\CodeIgniter->createController()
 8 SYSTEMPATH/CodeIgniter.php(354): CodeIgniter\CodeIgniter->handleRequest(null, Object(Config\Cache), false)
 9 SYSTEMPATH/Boot.php(334): CodeIgniter\CodeIgniter->run()
10 SYSTEMPATH/Boot.php(67): CodeIgniter\Boot::runCodeIgniter(Object(CodeIgniter\CodeIgniter))
11 FCPATH/index.php(56): CodeIgniter\Boot::bootWeb(Object(Config\Paths))
DEBUG - 2025-03-14 20:20:16 --> Session: Class initialized using 'CodeIgniter\Session\Handlers\FileHandler' driver.
WARNING - 2025-03-14 20:23:18 --> [DEPRECATED] Optional parameter $message declared before required parameter $typeMessage is implicitly treated as a required parameter in APPPATH/Controllers/Pattern/SystemMessageController.php on line 30.
 1 SYSTEMPATH/Autoloader/Autoloader.php(316): include_once('/var/www/html/src/system/Debug/Exceptions.php')
 2 SYSTEMPATH/Autoloader/Autoloader.php(295): CodeIgniter\Autoloader\Autoloader->includeFile('/var/www/html/src/app/Controllers/Pattern/SystemMessageController.php')
 3 SYSTEMPATH/Autoloader/Autoloader.php(271): CodeIgniter\Autoloader\Autoloader->loadInNamespace('App\\Controllers\\Pattern\\SystemMessageController')
 4 APPPATH/Controllers/Pattern/TokenCsrfController.php(18): CodeIgniter\Autoloader\Autoloader->loadClass('App\\Controllers\\Pattern\\SystemMessageController')
 5 APPPATH/Controllers/Usuario/EndpointController.php(36): App\Controllers\Pattern\TokenCsrfController->__construct()
 6 SYSTEMPATH/CodeIgniter.php(903): App\Controllers\Usuario\EndpointController->__construct()
 7 SYSTEMPATH/CodeIgniter.php(498): CodeIgniter\CodeIgniter->createController()
 8 SYSTEMPATH/CodeIgniter.php(354): CodeIgniter\CodeIgniter->handleRequest(null, Object(Config\Cache), false)
 9 SYSTEMPATH/Boot.php(334): CodeIgniter\CodeIgniter->run()
10 SYSTEMPATH/Boot.php(67): CodeIgniter\Boot::runCodeIgniter(Object(CodeIgniter\CodeIgniter))
11 FCPATH/index.php(56): CodeIgniter\Boot::bootWeb(Object(Config\Paths))
DEBUG - 2025-03-14 20:23:18 --> Session: Class initialized using 'CodeIgniter\Session\Handlers\FileHandler' driver.
WARNING - 2025-03-14 20:25:20 --> [DEPRECATED] Optional parameter $message declared before required parameter $typeMessage is implicitly treated as a required parameter in APPPATH/Controllers/Pattern/SystemMessageController.php on line 30.
 1 SYSTEMPATH/Autoloader/Autoloader.php(316): include_once('/var/www/html/src/system/Debug/Exceptions.php')
 2 SYSTEMPATH/Autoloader/Autoloader.php(295): CodeIgniter\Autoloader\Autoloader->includeFile('/var/www/html/src/app/Controllers/Pattern/SystemMessageController.php')
 3 SYSTEMPATH/Autoloader/Autoloader.php(271): CodeIgniter\Autoloader\Autoloader->loadInNamespace('App\\Controllers\\Pattern\\SystemMessageController')
 4 APPPATH/Controllers/Pattern/TokenCsrfController.php(18): CodeIgniter\Autoloader\Autoloader->loadClass('App\\Controllers\\Pattern\\SystemMessageController')
 5 APPPATH/Controllers/Usuario/EndpointController.php(36): App\Controllers\Pattern\TokenCsrfController->__construct()
 6 SYSTEMPATH/CodeIgniter.php(903): App\Controllers\Usuario\EndpointController->__construct()
 7 SYSTEMPATH/CodeIgniter.php(498): CodeIgniter\CodeIgniter->createController()
 8 SYSTEMPATH/CodeIgniter.php(354): CodeIgniter\CodeIgniter->handleRequest(null, Object(Config\Cache), false)
 9 SYSTEMPATH/Boot.php(334): CodeIgniter\CodeIgniter->run()
10 SYSTEMPATH/Boot.php(67): CodeIgniter\Boot::runCodeIgniter(Object(CodeIgniter\CodeIgniter))
11 FCPATH/index.php(56): CodeIgniter\Boot::bootWeb(Object(Config\Paths))
DEBUG - 2025-03-14 20:25:21 --> Session: Class initialized using 'CodeIgniter\Session\Handlers\FileHandler' driver.
WARNING - 2025-03-14 20:29:14 --> [DEPRECATED] Optional parameter $message declared before required parameter $typeMessage is implicitly treated as a required parameter in APPPATH/Controllers/Pattern/SystemMessageController.php on line 30.
 1 SYSTEMPATH/Autoloader/Autoloader.php(316): include_once('/var/www/html/src/system/Debug/Exceptions.php')
 2 SYSTEMPATH/Autoloader/Autoloader.php(295): CodeIgniter\Autoloader\Autoloader->includeFile('/var/www/html/src/app/Controllers/Pattern/SystemMessageController.php')
 3 SYSTEMPATH/Autoloader/Autoloader.php(271): CodeIgniter\Autoloader\Autoloader->loadInNamespace('App\\Controllers\\Pattern\\SystemMessageController')
 4 APPPATH/Controllers/Pattern/TokenCsrfController.php(18): CodeIgniter\Autoloader\Autoloader->loadClass('App\\Controllers\\Pattern\\SystemMessageController')
 5 APPPATH/Controllers/Usuario/EndpointController.php(36): App\Controllers\Pattern\TokenCsrfController->__construct()
 6 SYSTEMPATH/CodeIgniter.php(903): App\Controllers\Usuario\EndpointController->__construct()
 7 SYSTEMPATH/CodeIgniter.php(498): CodeIgniter\CodeIgniter->createController()
 8 SYSTEMPATH/CodeIgniter.php(354): CodeIgniter\CodeIgniter->handleRequest(null, Object(Config\Cache), false)
 9 SYSTEMPATH/Boot.php(334): CodeIgniter\CodeIgniter->run()
10 SYSTEMPATH/Boot.php(67): CodeIgniter\Boot::runCodeIgniter(Object(CodeIgniter\CodeIgniter))
11 FCPATH/index.php(56): CodeIgniter\Boot::bootWeb(Object(Config\Paths))
DEBUG - 2025-03-14 20:29:15 --> Session: Class initialized using 'CodeIgniter\Session\Handlers\FileHandler' driver.
WARNING - 2025-03-14 20:29:29 --> [DEPRECATED] Optional parameter $message declared before required parameter $typeMessage is implicitly treated as a required parameter in APPPATH/Controllers/Pattern/SystemMessageController.php on line 30.
 1 SYSTEMPATH/Autoloader/Autoloader.php(316): include_once('/var/www/html/src/system/Debug/Exceptions.php')
 2 SYSTEMPATH/Autoloader/Autoloader.php(295): CodeIgniter\Autoloader\Autoloader->includeFile('/var/www/html/src/app/Controllers/Pattern/SystemMessageController.php')
 3 SYSTEMPATH/Autoloader/Autoloader.php(271): CodeIgniter\Autoloader\Autoloader->loadInNamespace('App\\Controllers\\Pattern\\SystemMessageController')
 4 APPPATH/Controllers/Usuario/DbController.php(29): CodeIgniter\Autoloader\Autoloader->loadClass('App\\Controllers\\Pattern\\SystemMessageController')
 5 APPPATH/Controllers/Usuario/ApiController.php(26): App\Controllers\Usuario\DbController->__construct()
 6 SYSTEMPATH/CodeIgniter.php(903): App\Controllers\Usuario\ApiController->__construct()
 7 SYSTEMPATH/CodeIgniter.php(498): CodeIgniter\CodeIgniter->createController()
 8 SYSTEMPATH/CodeIgniter.php(354): CodeIgniter\CodeIgniter->handleRequest(null, Object(Config\Cache), false)
 9 SYSTEMPATH/Boot.php(334): CodeIgniter\CodeIgniter->run()
10 SYSTEMPATH/Boot.php(67): CodeIgniter\Boot::runCodeIgniter(Object(CodeIgniter\CodeIgniter))
11 FCPATH/index.php(56): CodeIgniter\Boot::bootWeb(Object(Config\Paths))
DEBUG - 2025-03-14 20:29:30 --> Session: Class initialized using 'CodeIgniter\Session\Handlers\FileHandler' driver.
WARNING - 2025-03-14 20:29:34 --> [DEPRECATED] Optional parameter $message declared before required parameter $typeMessage is implicitly treated as a required parameter in APPPATH/Controllers/Pattern/SystemMessageController.php on line 30.
 1 SYSTEMPATH/Autoloader/Autoloader.php(316): include_once('/var/www/html/src/system/Debug/Exceptions.php')
 2 SYSTEMPATH/Autoloader/Autoloader.php(295): CodeIgniter\Autoloader\Autoloader->includeFile('/var/www/html/src/app/Controllers/Pattern/SystemMessageController.php')
 3 SYSTEMPATH/Autoloader/Autoloader.php(271): CodeIgniter\Autoloader\Autoloader->loadInNamespace('App\\Controllers\\Pattern\\SystemMessageController')
 4 APPPATH/Controllers/Pattern/TokenCsrfController.php(18): CodeIgniter\Autoloader\Autoloader->loadClass('App\\Controllers\\Pattern\\SystemMessageController')
 5 APPPATH/Controllers/Usuario/EndpointController.php(36): App\Controllers\Pattern\TokenCsrfController->__construct()
 6 SYSTEMPATH/CodeIgniter.php(903): App\Controllers\Usuario\EndpointController->__construct()
 7 SYSTEMPATH/CodeIgniter.php(498): CodeIgniter\CodeIgniter->createController()
 8 SYSTEMPATH/CodeIgniter.php(354): CodeIgniter\CodeIgniter->handleRequest(null, Object(Config\Cache), false)
 9 SYSTEMPATH/Boot.php(334): CodeIgniter\CodeIgniter->run()
10 SYSTEMPATH/Boot.php(67): CodeIgniter\Boot::runCodeIgniter(Object(CodeIgniter\CodeIgniter))
11 FCPATH/index.php(56): CodeIgniter\Boot::bootWeb(Object(Config\Paths))
DEBUG - 2025-03-14 20:29:35 --> Session: Class initialized using 'CodeIgniter\Session\Handlers\FileHandler' driver.
WARNING - 2025-03-14 20:29:40 --> [DEPRECATED] Optional parameter $message declared before required parameter $typeMessage is implicitly treated as a required parameter in APPPATH/Controllers/Pattern/SystemMessageController.php on line 30.
 1 SYSTEMPATH/Autoloader/Autoloader.php(316): include_once('/var/www/html/src/system/Debug/Exceptions.php')
 2 SYSTEMPATH/Autoloader/Autoloader.php(295): CodeIgniter\Autoloader\Autoloader->includeFile('/var/www/html/src/app/Controllers/Pattern/SystemMessageController.php')
 3 SYSTEMPATH/Autoloader/Autoloader.php(271): CodeIgniter\Autoloader\Autoloader->loadInNamespace('App\\Controllers\\Pattern\\SystemMessageController')
 4 APPPATH/Controllers/Usuario/DbController.php(29): CodeIgniter\Autoloader\Autoloader->loadClass('App\\Controllers\\Pattern\\SystemMessageController')
 5 APPPATH/Controllers/Usuario/ApiController.php(26): App\Controllers\Usuario\DbController->__construct()
 6 SYSTEMPATH/CodeIgniter.php(903): App\Controllers\Usuario\ApiController->__construct()
 7 SYSTEMPATH/CodeIgniter.php(498): CodeIgniter\CodeIgniter->createController()
 8 SYSTEMPATH/CodeIgniter.php(354): CodeIgniter\CodeIgniter->handleRequest(null, Object(Config\Cache), false)
 9 SYSTEMPATH/Boot.php(334): CodeIgniter\CodeIgniter->run()
10 SYSTEMPATH/Boot.php(67): CodeIgniter\Boot::runCodeIgniter(Object(CodeIgniter\CodeIgniter))
11 FCPATH/index.php(56): CodeIgniter\Boot::bootWeb(Object(Config\Paths))
WARNING - 2025-03-14 20:29:40 --> [DEPRECATED] Optional parameter $message declared before required parameter $typeMessage is implicitly treated as a required parameter in APPPATH/Controllers/Pattern/SystemMessageController.php on line 30.
 1 SYSTEMPATH/Autoloader/Autoloader.php(316): include_once('/var/www/html/src/system/Debug/Exceptions.php')
 2 SYSTEMPATH/Autoloader/Autoloader.php(295): CodeIgniter\Autoloader\Autoloader->includeFile('/var/www/html/src/app/Controllers/Pattern/SystemMessageController.php')
 3 SYSTEMPATH/Autoloader/Autoloader.php(271): CodeIgniter\Autoloader\Autoloader->loadInNamespace('App\\Controllers\\Pattern\\SystemMessageController')
 4 APPPATH/Controllers/Usuario/DbController.php(29): CodeIgniter\Autoloader\Autoloader->loadClass('App\\Controllers\\Pattern\\SystemMessageController')
 5 APPPATH/Controllers/Usuario/ApiController.php(26): App\Controllers\Usuario\DbController->__construct()
 6 SYSTEMPATH/CodeIgniter.php(903): App\Controllers\Usuario\ApiController->__construct()
 7 SYSTEMPATH/CodeIgniter.php(498): CodeIgniter\CodeIgniter->createController()
 8 SYSTEMPATH/CodeIgniter.php(354): CodeIgniter\CodeIgniter->handleRequest(null, Object(Config\Cache), false)
 9 SYSTEMPATH/Boot.php(334): CodeIgniter\CodeIgniter->run()
10 SYSTEMPATH/Boot.php(67): CodeIgniter\Boot::runCodeIgniter(Object(CodeIgniter\CodeIgniter))
11 FCPATH/index.php(56): CodeIgniter\Boot::bootWeb(Object(Config\Paths))
DEBUG - 2025-03-14 20:29:40 --> Session: Class initialized using 'CodeIgniter\Session\Handlers\FileHandler' driver.
DEBUG - 2025-03-14 20:29:42 --> Session: Class initialized using 'CodeIgniter\Session\Handlers\FileHandler' driver.
WARNING - 2025-03-14 20:29:47 --> [DEPRECATED] Optional parameter $message declared before required parameter $typeMessage is implicitly treated as a required parameter in APPPATH/Controllers/Pattern/SystemMessageController.php on line 30.
 1 SYSTEMPATH/Autoloader/Autoloader.php(316): include_once('/var/www/html/src/system/Debug/Exceptions.php')
 2 SYSTEMPATH/Autoloader/Autoloader.php(295): CodeIgniter\Autoloader\Autoloader->includeFile('/var/www/html/src/app/Controllers/Pattern/SystemMessageController.php')
 3 SYSTEMPATH/Autoloader/Autoloader.php(271): CodeIgniter\Autoloader\Autoloader->loadInNamespace('App\\Controllers\\Pattern\\SystemMessageController')
 4 APPPATH/Controllers/Pattern/TokenCsrfController.php(18): CodeIgniter\Autoloader\Autoloader->loadClass('App\\Controllers\\Pattern\\SystemMessageController')
 5 APPPATH/Controllers/Usuario/EndpointController.php(36): App\Controllers\Pattern\TokenCsrfController->__construct()
 6 SYSTEMPATH/CodeIgniter.php(903): App\Controllers\Usuario\EndpointController->__construct()
 7 SYSTEMPATH/CodeIgniter.php(498): CodeIgniter\CodeIgniter->createController()
 8 SYSTEMPATH/CodeIgniter.php(354): CodeIgniter\CodeIgniter->handleRequest(null, Object(Config\Cache), false)
 9 SYSTEMPATH/Boot.php(334): CodeIgniter\CodeIgniter->run()
10 SYSTEMPATH/Boot.php(67): CodeIgniter\Boot::runCodeIgniter(Object(CodeIgniter\CodeIgniter))
11 FCPATH/index.php(56): CodeIgniter\Boot::bootWeb(Object(Config\Paths))
DEBUG - 2025-03-14 20:29:47 --> Session: Class initialized using 'CodeIgniter\Session\Handlers\FileHandler' driver.
WARNING - 2025-03-14 20:30:16 --> [DEPRECATED] Optional parameter $message declared before required parameter $typeMessage is implicitly treated as a required parameter in APPPATH/Controllers/Pattern/SystemMessageController.php on line 30.
 1 SYSTEMPATH/Autoloader/Autoloader.php(316): include_once('/var/www/html/src/system/Debug/Exceptions.php')
 2 SYSTEMPATH/Autoloader/Autoloader.php(295): CodeIgniter\Autoloader\Autoloader->includeFile('/var/www/html/src/app/Controllers/Pattern/SystemMessageController.php')
 3 SYSTEMPATH/Autoloader/Autoloader.php(271): CodeIgniter\Autoloader\Autoloader->loadInNamespace('App\\Controllers\\Pattern\\SystemMessageController')
 4 APPPATH/Controllers/Pattern/TokenCsrfController.php(18): CodeIgniter\Autoloader\Autoloader->loadClass('App\\Controllers\\Pattern\\SystemMessageController')
 5 APPPATH/Controllers/Usuario/EndpointController.php(36): App\Controllers\Pattern\TokenCsrfController->__construct()
 6 SYSTEMPATH/CodeIgniter.php(903): App\Controllers\Usuario\EndpointController->__construct()
 7 SYSTEMPATH/CodeIgniter.php(498): CodeIgniter\CodeIgniter->createController()
 8 SYSTEMPATH/CodeIgniter.php(354): CodeIgniter\CodeIgniter->handleRequest(null, Object(Config\Cache), false)
 9 SYSTEMPATH/Boot.php(334): CodeIgniter\CodeIgniter->run()
10 SYSTEMPATH/Boot.php(67): CodeIgniter\Boot::runCodeIgniter(Object(CodeIgniter\CodeIgniter))
11 FCPATH/index.php(56): CodeIgniter\Boot::bootWeb(Object(Config\Paths))
DEBUG - 2025-03-14 20:30:16 --> Session: Class initialized using 'CodeIgniter\Session\Handlers\FileHandler' driver.
WARNING - 2025-03-14 21:29:57 --> [DEPRECATED] Optional parameter $message declared before required parameter $typeMessage is implicitly treated as a required parameter in APPPATH/Controllers/Pattern/SystemMessageController.php on line 30.
 1 SYSTEMPATH/Autoloader/Autoloader.php(316): include_once('/var/www/html/src/system/Debug/Exceptions.php')
 2 SYSTEMPATH/Autoloader/Autoloader.php(295): CodeIgniter\Autoloader\Autoloader->includeFile('/var/www/html/src/app/Controllers/Pattern/SystemMessageController.php')
 3 SYSTEMPATH/Autoloader/Autoloader.php(271): CodeIgniter\Autoloader\Autoloader->loadInNamespace('App\\Controllers\\Pattern\\SystemMessageController')
 4 APPPATH/Controllers/Pattern/TokenCsrfController.php(18): CodeIgniter\Autoloader\Autoloader->loadClass('App\\Controllers\\Pattern\\SystemMessageController')
 5 APPPATH/Controllers/Usuario/EndpointController.php(36): App\Controllers\Pattern\TokenCsrfController->__construct()
 6 SYSTEMPATH/CodeIgniter.php(903): App\Controllers\Usuario\EndpointController->__construct()
 7 SYSTEMPATH/CodeIgniter.php(498): CodeIgniter\CodeIgniter->createController()
 8 SYSTEMPATH/CodeIgniter.php(354): CodeIgniter\CodeIgniter->handleRequest(null, Object(Config\Cache), false)
 9 SYSTEMPATH/Boot.php(334): CodeIgniter\CodeIgniter->run()
10 SYSTEMPATH/Boot.php(67): CodeIgniter\Boot::runCodeIgniter(Object(CodeIgniter\CodeIgniter))
11 FCPATH/index.php(56): CodeIgniter\Boot::bootWeb(Object(Config\Paths))
DEBUG - 2025-03-14 21:29:57 --> Session: Class initialized using 'CodeIgniter\Session\Handlers\FileHandler' driver.
WARNING - 2025-03-14 21:31:45 --> [DEPRECATED] Optional parameter $message declared before required parameter $typeMessage is implicitly treated as a required parameter in APPPATH/Controllers/Pattern/SystemMessageController.php on line 30.
 1 SYSTEMPATH/Autoloader/Autoloader.php(316): include_once('/var/www/html/src/system/Debug/Exceptions.php')
 2 SYSTEMPATH/Autoloader/Autoloader.php(295): CodeIgniter\Autoloader\Autoloader->includeFile('/var/www/html/src/app/Controllers/Pattern/SystemMessageController.php')
 3 SYSTEMPATH/Autoloader/Autoloader.php(271): CodeIgniter\Autoloader\Autoloader->loadInNamespace('App\\Controllers\\Pattern\\SystemMessageController')
 4 APPPATH/Controllers/Pattern/TokenCsrfController.php(18): CodeIgniter\Autoloader\Autoloader->loadClass('App\\Controllers\\Pattern\\SystemMessageController')
 5 APPPATH/Controllers/Usuario/EndpointController.php(36): App\Controllers\Pattern\TokenCsrfController->__construct()
 6 SYSTEMPATH/CodeIgniter.php(903): App\Controllers\Usuario\EndpointController->__construct()
 7 SYSTEMPATH/CodeIgniter.php(498): CodeIgniter\CodeIgniter->createController()
 8 SYSTEMPATH/CodeIgniter.php(354): CodeIgniter\CodeIgniter->handleRequest(null, Object(Config\Cache), false)
 9 SYSTEMPATH/Boot.php(334): CodeIgniter\CodeIgniter->run()
10 SYSTEMPATH/Boot.php(67): CodeIgniter\Boot::runCodeIgniter(Object(CodeIgniter\CodeIgniter))
11 FCPATH/index.php(56): CodeIgniter\Boot::bootWeb(Object(Config\Paths))
DEBUG - 2025-03-14 21:31:45 --> Session: Class initialized using 'CodeIgniter\Session\Handlers\FileHandler' driver.
WARNING - 2025-03-14 21:38:37 --> [DEPRECATED] Optional parameter $message declared before required parameter $typeMessage is implicitly treated as a required parameter in APPPATH/Controllers/Pattern/SystemMessageController.php on line 30.
 1 SYSTEMPATH/Autoloader/Autoloader.php(316): include_once('/var/www/html/src/system/Debug/Exceptions.php')
 2 SYSTEMPATH/Autoloader/Autoloader.php(295): CodeIgniter\Autoloader\Autoloader->includeFile('/var/www/html/src/app/Controllers/Pattern/SystemMessageController.php')
 3 SYSTEMPATH/Autoloader/Autoloader.php(271): CodeIgniter\Autoloader\Autoloader->loadInNamespace('App\\Controllers\\Pattern\\SystemMessageController')
 4 APPPATH/Controllers/Usuario/DbController.php(29): CodeIgniter\Autoloader\Autoloader->loadClass('App\\Controllers\\Pattern\\SystemMessageController')
 5 APPPATH/Controllers/Usuario/ApiController.php(26): App\Controllers\Usuario\DbController->__construct()
 6 SYSTEMPATH/CodeIgniter.php(903): App\Controllers\Usuario\ApiController->__construct()
 7 SYSTEMPATH/CodeIgniter.php(498): CodeIgniter\CodeIgniter->createController()
 8 SYSTEMPATH/CodeIgniter.php(354): CodeIgniter\CodeIgniter->handleRequest(null, Object(Config\Cache), false)
 9 SYSTEMPATH/Boot.php(334): CodeIgniter\CodeIgniter->run()
10 SYSTEMPATH/Boot.php(67): CodeIgniter\Boot::runCodeIgniter(Object(CodeIgniter\CodeIgniter))
11 FCPATH/index.php(56): CodeIgniter\Boot::bootWeb(Object(Config\Paths))
DEBUG - 2025-03-14 21:38:38 --> Session: Class initialized using 'CodeIgniter\Session\Handlers\FileHandler' driver.
WARNING - 2025-03-14 21:38:40 --> [DEPRECATED] Optional parameter $message declared before required parameter $typeMessage is implicitly treated as a required parameter in APPPATH/Controllers/Pattern/SystemMessageController.php on line 30.
 1 SYSTEMPATH/Autoloader/Autoloader.php(316): include_once('/var/www/html/src/system/Debug/Exceptions.php')
 2 SYSTEMPATH/Autoloader/Autoloader.php(295): CodeIgniter\Autoloader\Autoloader->includeFile('/var/www/html/src/app/Controllers/Pattern/SystemMessageController.php')
 3 SYSTEMPATH/Autoloader/Autoloader.php(271): CodeIgniter\Autoloader\Autoloader->loadInNamespace('App\\Controllers\\Pattern\\SystemMessageController')
 4 APPPATH/Controllers/Pattern/TokenCsrfController.php(18): CodeIgniter\Autoloader\Autoloader->loadClass('App\\Controllers\\Pattern\\SystemMessageController')
 5 APPPATH/Controllers/Usuario/EndpointController.php(36): App\Controllers\Pattern\TokenCsrfController->__construct()
 6 SYSTEMPATH/CodeIgniter.php(903): App\Controllers\Usuario\EndpointController->__construct()
 7 SYSTEMPATH/CodeIgniter.php(498): CodeIgniter\CodeIgniter->createController()
 8 SYSTEMPATH/CodeIgniter.php(354): CodeIgniter\CodeIgniter->handleRequest(null, Object(Config\Cache), false)
 9 SYSTEMPATH/Boot.php(334): CodeIgniter\CodeIgniter->run()
10 SYSTEMPATH/Boot.php(67): CodeIgniter\Boot::runCodeIgniter(Object(CodeIgniter\CodeIgniter))
11 FCPATH/index.php(56): CodeIgniter\Boot::bootWeb(Object(Config\Paths))
DEBUG - 2025-03-14 21:38:40 --> Session: Class initialized using 'CodeIgniter\Session\Handlers\FileHandler' driver.
WARNING - 2025-03-14 21:43:03 --> [DEPRECATED] Optional parameter $message declared before required parameter $typeMessage is implicitly treated as a required parameter in APPPATH/Controllers/Pattern/SystemMessageController.php on line 30.
 1 SYSTEMPATH/Autoloader/Autoloader.php(316): include_once('/var/www/html/src/system/Debug/Exceptions.php')
 2 SYSTEMPATH/Autoloader/Autoloader.php(295): CodeIgniter\Autoloader\Autoloader->includeFile('/var/www/html/src/app/Controllers/Pattern/SystemMessageController.php')
 3 SYSTEMPATH/Autoloader/Autoloader.php(271): CodeIgniter\Autoloader\Autoloader->loadInNamespace('App\\Controllers\\Pattern\\SystemMessageController')
 4 APPPATH/Controllers/Usuario/DbController.php(29): CodeIgniter\Autoloader\Autoloader->loadClass('App\\Controllers\\Pattern\\SystemMessageController')
 5 APPPATH/Controllers/Usuario/ApiController.php(26): App\Controllers\Usuario\DbController->__construct()
 6 SYSTEMPATH/CodeIgniter.php(903): App\Controllers\Usuario\ApiController->__construct()
 7 SYSTEMPATH/CodeIgniter.php(498): CodeIgniter\CodeIgniter->createController()
 8 SYSTEMPATH/CodeIgniter.php(354): CodeIgniter\CodeIgniter->handleRequest(null, Object(Config\Cache), false)
 9 SYSTEMPATH/Boot.php(334): CodeIgniter\CodeIgniter->run()
10 SYSTEMPATH/Boot.php(67): CodeIgniter\Boot::runCodeIgniter(Object(CodeIgniter\CodeIgniter))
11 FCPATH/index.php(56): CodeIgniter\Boot::bootWeb(Object(Config\Paths))
DEBUG - 2025-03-14 21:43:03 --> Session: Class initialized using 'CodeIgniter\Session\Handlers\FileHandler' driver.
CRITICAL - 2025-03-14 21:43:03 --> TypeError: CodeIgniter\Cookie\Cookie::validatePrefix(): Argument #1 ($prefix) must be of type string, bool given, called in /var/www/html/src/system/Cookie/Cookie.php on line 232
[Method: GET, Route: sgcpro/usuario/api/teste]
in SYSTEMPATH/Cookie/Cookie.php on line 741.
 1 SYSTEMPATH/Cookie/Cookie.php(232): CodeIgniter\Cookie\Cookie->validatePrefix(false, false, 'localhost', '')
 2 SYSTEMPATH/HTTP/ResponseTrait.php(545): CodeIgniter\Cookie\Cookie->__construct('gov_br_data', '{"nome":"Caio Marinhoi","email":"teste@rteste.com.br","telefone":"99999999999","sigla":"PRODERJ","orgao":"Centro de Tecnologia da Informa\\u00e7\\u00e3o e Comunica\\u00e7\\u00e3o do Estado do Rio de Janeiro","tratamento":"Exmo","setor":"GERFS","endereco":"Rua da Assembleia, 10 - 10\\u00ba andar - Centro - Rio de Janeiro - RJ","cep":"20011-901","cidade":"Rio de Janeiro","estado":"RJ","pais":"Brasil","token_csrf":"faf1c13d71ff12e0ae00c0b164935161"}', [...])
 3 APPPATH/Controllers/Usuario/ApiController.php(382): CodeIgniter\HTTP\Response->setCookie('gov_br_data', '{"nome":"Caio Marinhoi","email":"teste@rteste.com.br","telefone":"99999999999","sigla":"PRODERJ","orgao":"Centro de Tecnologia da Informa\\u00e7\\u00e3o e Comunica\\u00e7\\u00e3o do Estado do Rio de Janeiro","tratamento":"Exmo","setor":"GERFS","endereco":"Rua da Assembleia, 10 - 10\\u00ba andar - Centro - Rio de Janeiro - RJ","cep":"20011-901","cidade":"Rio de Janeiro","estado":"RJ","pais":"Brasil","token_csrf":"faf1c13d71ff12e0ae00c0b164935161"}', 1741998583, '', 'localhost', false, false)
 4 SYSTEMPATH/CodeIgniter.php(933): App\Controllers\Usuario\ApiController->testeUsuario()
 5 SYSTEMPATH/CodeIgniter.php(507): CodeIgniter\CodeIgniter->runController(Object(App\Controllers\Usuario\ApiController))
 6 SYSTEMPATH/CodeIgniter.php(354): CodeIgniter\CodeIgniter->handleRequest(null, Object(Config\Cache), false)
 7 SYSTEMPATH/Boot.php(334): CodeIgniter\CodeIgniter->run()
 8 SYSTEMPATH/Boot.php(67): CodeIgniter\Boot::runCodeIgniter(Object(CodeIgniter\CodeIgniter))
 9 FCPATH/index.php(56): CodeIgniter\Boot::bootWeb(Object(Config\Paths))
WARNING - 2025-03-14 21:50:36 --> [DEPRECATED] Optional parameter $message declared before required parameter $typeMessage is implicitly treated as a required parameter in APPPATH/Controllers/Pattern/SystemMessageController.php on line 30.
 1 SYSTEMPATH/Autoloader/Autoloader.php(316): include_once('/var/www/html/src/system/Debug/Exceptions.php')
 2 SYSTEMPATH/Autoloader/Autoloader.php(295): CodeIgniter\Autoloader\Autoloader->includeFile('/var/www/html/src/app/Controllers/Pattern/SystemMessageController.php')
 3 SYSTEMPATH/Autoloader/Autoloader.php(271): CodeIgniter\Autoloader\Autoloader->loadInNamespace('App\\Controllers\\Pattern\\SystemMessageController')
 4 APPPATH/Controllers/Pattern/TokenCsrfController.php(18): CodeIgniter\Autoloader\Autoloader->loadClass('App\\Controllers\\Pattern\\SystemMessageController')
 5 APPPATH/Controllers/Usuario/EndpointController.php(36): App\Controllers\Pattern\TokenCsrfController->__construct()
 6 SYSTEMPATH/CodeIgniter.php(903): App\Controllers\Usuario\EndpointController->__construct()
 7 SYSTEMPATH/CodeIgniter.php(498): CodeIgniter\CodeIgniter->createController()
 8 SYSTEMPATH/CodeIgniter.php(354): CodeIgniter\CodeIgniter->handleRequest(null, Object(Config\Cache), false)
 9 SYSTEMPATH/Boot.php(334): CodeIgniter\CodeIgniter->run()
10 SYSTEMPATH/Boot.php(67): CodeIgniter\Boot::runCodeIgniter(Object(CodeIgniter\CodeIgniter))
11 FCPATH/index.php(56): CodeIgniter\Boot::bootWeb(Object(Config\Paths))
DEBUG - 2025-03-14 21:50:36 --> Session: Class initialized using 'CodeIgniter\Session\Handlers\FileHandler' driver.
CRITICAL - 2025-03-14 21:50:36 --> Error: Call to undefined method App\Controllers\Usuario\EndpointController::setApiRespond()
[Method: POST, Route: sgcpro/usuario/endpoint/listar]
in APPPATH/Controllers/Usuario/EndpointController.php on line 129.
 1 SYSTEMPATH/CodeIgniter.php(933): App\Controllers\Usuario\EndpointController->dbRead()
 2 SYSTEMPATH/CodeIgniter.php(507): CodeIgniter\CodeIgniter->runController(Object(App\Controllers\Usuario\EndpointController))
 3 SYSTEMPATH/CodeIgniter.php(354): CodeIgniter\CodeIgniter->handleRequest(null, Object(Config\Cache), false)
 4 SYSTEMPATH/Boot.php(334): CodeIgniter\CodeIgniter->run()
 5 SYSTEMPATH/Boot.php(67): CodeIgniter\Boot::runCodeIgniter(Object(CodeIgniter\CodeIgniter))
 6 FCPATH/index.php(56): CodeIgniter\Boot::bootWeb(Object(Config\Paths))
WARNING - 2025-03-14 21:57:42 --> [DEPRECATED] Optional parameter $message declared before required parameter $typeMessage is implicitly treated as a required parameter in APPPATH/Controllers/Pattern/SystemMessageController.php on line 30.
 1 SYSTEMPATH/Autoloader/Autoloader.php(316): include_once('/var/www/html/src/system/Debug/Exceptions.php')
 2 SYSTEMPATH/Autoloader/Autoloader.php(295): CodeIgniter\Autoloader\Autoloader->includeFile('/var/www/html/src/app/Controllers/Pattern/SystemMessageController.php')
 3 SYSTEMPATH/Autoloader/Autoloader.php(271): CodeIgniter\Autoloader\Autoloader->loadInNamespace('App\\Controllers\\Pattern\\SystemMessageController')
 4 APPPATH/Controllers/Pattern/TokenCsrfController.php(18): CodeIgniter\Autoloader\Autoloader->loadClass('App\\Controllers\\Pattern\\SystemMessageController')
 5 APPPATH/Controllers/Usuario/EndpointController.php(36): App\Controllers\Pattern\TokenCsrfController->__construct()
 6 SYSTEMPATH/CodeIgniter.php(903): App\Controllers\Usuario\EndpointController->__construct()
 7 SYSTEMPATH/CodeIgniter.php(498): CodeIgniter\CodeIgniter->createController()
 8 SYSTEMPATH/CodeIgniter.php(354): CodeIgniter\CodeIgniter->handleRequest(null, Object(Config\Cache), false)
 9 SYSTEMPATH/Boot.php(334): CodeIgniter\CodeIgniter->run()
10 SYSTEMPATH/Boot.php(67): CodeIgniter\Boot::runCodeIgniter(Object(CodeIgniter\CodeIgniter))
11 FCPATH/index.php(56): CodeIgniter\Boot::bootWeb(Object(Config\Paths))
DEBUG - 2025-03-14 21:57:42 --> Session: Class initialized using 'CodeIgniter\Session\Handlers\FileHandler' driver.
WARNING - 2025-03-14 21:59:26 --> [DEPRECATED] Optional parameter $message declared before required parameter $typeMessage is implicitly treated as a required parameter in APPPATH/Controllers/Pattern/SystemMessageController.php on line 30.
 1 SYSTEMPATH/Autoloader/Autoloader.php(316): include_once('/var/www/html/src/system/Debug/Exceptions.php')
 2 SYSTEMPATH/Autoloader/Autoloader.php(295): CodeIgniter\Autoloader\Autoloader->includeFile('/var/www/html/src/app/Controllers/Pattern/SystemMessageController.php')
 3 SYSTEMPATH/Autoloader/Autoloader.php(271): CodeIgniter\Autoloader\Autoloader->loadInNamespace('App\\Controllers\\Pattern\\SystemMessageController')
 4 APPPATH/Controllers/Pattern/TokenCsrfController.php(18): CodeIgniter\Autoloader\Autoloader->loadClass('App\\Controllers\\Pattern\\SystemMessageController')
 5 APPPATH/Controllers/Usuario/EndpointController.php(36): App\Controllers\Pattern\TokenCsrfController->__construct()
 6 SYSTEMPATH/CodeIgniter.php(903): App\Controllers\Usuario\EndpointController->__construct()
 7 SYSTEMPATH/CodeIgniter.php(498): CodeIgniter\CodeIgniter->createController()
 8 SYSTEMPATH/CodeIgniter.php(354): CodeIgniter\CodeIgniter->handleRequest(null, Object(Config\Cache), false)
 9 SYSTEMPATH/Boot.php(334): CodeIgniter\CodeIgniter->run()
10 SYSTEMPATH/Boot.php(67): CodeIgniter\Boot::runCodeIgniter(Object(CodeIgniter\CodeIgniter))
11 FCPATH/index.php(56): CodeIgniter\Boot::bootWeb(Object(Config\Paths))
DEBUG - 2025-03-14 21:59:26 --> Session: Class initialized using 'CodeIgniter\Session\Handlers\FileHandler' driver.
WARNING - 2025-03-14 21:59:32 --> [DEPRECATED] Optional parameter $message declared before required parameter $typeMessage is implicitly treated as a required parameter in APPPATH/Controllers/Pattern/SystemMessageController.php on line 30.
 1 SYSTEMPATH/Autoloader/Autoloader.php(316): include_once('/var/www/html/src/system/Debug/Exceptions.php')
 2 SYSTEMPATH/Autoloader/Autoloader.php(295): CodeIgniter\Autoloader\Autoloader->includeFile('/var/www/html/src/app/Controllers/Pattern/SystemMessageController.php')
 3 SYSTEMPATH/Autoloader/Autoloader.php(271): CodeIgniter\Autoloader\Autoloader->loadInNamespace('App\\Controllers\\Pattern\\SystemMessageController')
 4 APPPATH/Controllers/Pattern/TokenCsrfController.php(18): CodeIgniter\Autoloader\Autoloader->loadClass('App\\Controllers\\Pattern\\SystemMessageController')
 5 APPPATH/Controllers/Usuario/EndpointController.php(36): App\Controllers\Pattern\TokenCsrfController->__construct()
 6 SYSTEMPATH/CodeIgniter.php(903): App\Controllers\Usuario\EndpointController->__construct()
 7 SYSTEMPATH/CodeIgniter.php(498): CodeIgniter\CodeIgniter->createController()
 8 SYSTEMPATH/CodeIgniter.php(354): CodeIgniter\CodeIgniter->handleRequest(null, Object(Config\Cache), false)
 9 SYSTEMPATH/Boot.php(334): CodeIgniter\CodeIgniter->run()
10 SYSTEMPATH/Boot.php(67): CodeIgniter\Boot::runCodeIgniter(Object(CodeIgniter\CodeIgniter))
11 FCPATH/index.php(56): CodeIgniter\Boot::bootWeb(Object(Config\Paths))
DEBUG - 2025-03-14 21:59:32 --> Session: Class initialized using 'CodeIgniter\Session\Handlers\FileHandler' driver.
WARNING - 2025-03-14 21:59:33 --> [DEPRECATED] Optional parameter $message declared before required parameter $typeMessage is implicitly treated as a required parameter in APPPATH/Controllers/Pattern/SystemMessageController.php on line 30.
 1 SYSTEMPATH/Autoloader/Autoloader.php(316): include_once('/var/www/html/src/system/Debug/Exceptions.php')
 2 SYSTEMPATH/Autoloader/Autoloader.php(295): CodeIgniter\Autoloader\Autoloader->includeFile('/var/www/html/src/app/Controllers/Pattern/SystemMessageController.php')
 3 SYSTEMPATH/Autoloader/Autoloader.php(271): CodeIgniter\Autoloader\Autoloader->loadInNamespace('App\\Controllers\\Pattern\\SystemMessageController')
 4 APPPATH/Controllers/Pattern/TokenCsrfController.php(18): CodeIgniter\Autoloader\Autoloader->loadClass('App\\Controllers\\Pattern\\SystemMessageController')
 5 APPPATH/Controllers/Usuario/EndpointController.php(36): App\Controllers\Pattern\TokenCsrfController->__construct()
 6 SYSTEMPATH/CodeIgniter.php(903): App\Controllers\Usuario\EndpointController->__construct()
 7 SYSTEMPATH/CodeIgniter.php(498): CodeIgniter\CodeIgniter->createController()
 8 SYSTEMPATH/CodeIgniter.php(354): CodeIgniter\CodeIgniter->handleRequest(null, Object(Config\Cache), false)
 9 SYSTEMPATH/Boot.php(334): CodeIgniter\CodeIgniter->run()
10 SYSTEMPATH/Boot.php(67): CodeIgniter\Boot::runCodeIgniter(Object(CodeIgniter\CodeIgniter))
11 FCPATH/index.php(56): CodeIgniter\Boot::bootWeb(Object(Config\Paths))
DEBUG - 2025-03-14 21:59:33 --> Session: Class initialized using 'CodeIgniter\Session\Handlers\FileHandler' driver.
WARNING - 2025-03-14 22:05:33 --> [DEPRECATED] Optional parameter $message declared before required parameter $typeMessage is implicitly treated as a required parameter in APPPATH/Controllers/Pattern/SystemMessageController.php on line 30.
 1 SYSTEMPATH/Autoloader/Autoloader.php(316): include_once('/var/www/html/src/system/Debug/Exceptions.php')
 2 SYSTEMPATH/Autoloader/Autoloader.php(295): CodeIgniter\Autoloader\Autoloader->includeFile('/var/www/html/src/app/Controllers/Pattern/SystemMessageController.php')
 3 SYSTEMPATH/Autoloader/Autoloader.php(271): CodeIgniter\Autoloader\Autoloader->loadInNamespace('App\\Controllers\\Pattern\\SystemMessageController')
 4 APPPATH/Controllers/Pattern/TokenCsrfController.php(18): CodeIgniter\Autoloader\Autoloader->loadClass('App\\Controllers\\Pattern\\SystemMessageController')
 5 APPPATH/Controllers/Usuario/EndpointController.php(36): App\Controllers\Pattern\TokenCsrfController->__construct()
 6 SYSTEMPATH/CodeIgniter.php(903): App\Controllers\Usuario\EndpointController->__construct()
 7 SYSTEMPATH/CodeIgniter.php(498): CodeIgniter\CodeIgniter->createController()
 8 SYSTEMPATH/CodeIgniter.php(354): CodeIgniter\CodeIgniter->handleRequest(null, Object(Config\Cache), false)
 9 SYSTEMPATH/Boot.php(334): CodeIgniter\CodeIgniter->run()
10 SYSTEMPATH/Boot.php(67): CodeIgniter\Boot::runCodeIgniter(Object(CodeIgniter\CodeIgniter))
11 FCPATH/index.php(56): CodeIgniter\Boot::bootWeb(Object(Config\Paths))
DEBUG - 2025-03-14 22:05:33 --> Session: Class initialized using 'CodeIgniter\Session\Handlers\FileHandler' driver.
WARNING - 2025-03-14 22:05:36 --> [DEPRECATED] Optional parameter $message declared before required parameter $typeMessage is implicitly treated as a required parameter in APPPATH/Controllers/Pattern/SystemMessageController.php on line 30.
 1 SYSTEMPATH/Autoloader/Autoloader.php(316): include_once('/var/www/html/src/system/Debug/Exceptions.php')
 2 SYSTEMPATH/Autoloader/Autoloader.php(295): CodeIgniter\Autoloader\Autoloader->includeFile('/var/www/html/src/app/Controllers/Pattern/SystemMessageController.php')
 3 SYSTEMPATH/Autoloader/Autoloader.php(271): CodeIgniter\Autoloader\Autoloader->loadInNamespace('App\\Controllers\\Pattern\\SystemMessageController')
 4 APPPATH/Controllers/Pattern/TokenCsrfController.php(18): CodeIgniter\Autoloader\Autoloader->loadClass('App\\Controllers\\Pattern\\SystemMessageController')
 5 APPPATH/Controllers/Usuario/EndpointController.php(36): App\Controllers\Pattern\TokenCsrfController->__construct()
 6 SYSTEMPATH/CodeIgniter.php(903): App\Controllers\Usuario\EndpointController->__construct()
 7 SYSTEMPATH/CodeIgniter.php(498): CodeIgniter\CodeIgniter->createController()
 8 SYSTEMPATH/CodeIgniter.php(354): CodeIgniter\CodeIgniter->handleRequest(null, Object(Config\Cache), false)
 9 SYSTEMPATH/Boot.php(334): CodeIgniter\CodeIgniter->run()
10 SYSTEMPATH/Boot.php(67): CodeIgniter\Boot::runCodeIgniter(Object(CodeIgniter\CodeIgniter))
11 FCPATH/index.php(56): CodeIgniter\Boot::bootWeb(Object(Config\Paths))
DEBUG - 2025-03-14 22:05:36 --> Session: Class initialized using 'CodeIgniter\Session\Handlers\FileHandler' driver.
WARNING - 2025-03-14 22:05:38 --> [DEPRECATED] Optional parameter $message declared before required parameter $typeMessage is implicitly treated as a required parameter in APPPATH/Controllers/Pattern/SystemMessageController.php on line 30.
 1 SYSTEMPATH/Autoloader/Autoloader.php(316): include_once('/var/www/html/src/system/Debug/Exceptions.php')
 2 SYSTEMPATH/Autoloader/Autoloader.php(295): CodeIgniter\Autoloader\Autoloader->includeFile('/var/www/html/src/app/Controllers/Pattern/SystemMessageController.php')
 3 SYSTEMPATH/Autoloader/Autoloader.php(271): CodeIgniter\Autoloader\Autoloader->loadInNamespace('App\\Controllers\\Pattern\\SystemMessageController')
 4 APPPATH/Controllers/Pattern/TokenCsrfController.php(18): CodeIgniter\Autoloader\Autoloader->loadClass('App\\Controllers\\Pattern\\SystemMessageController')
 5 APPPATH/Controllers/Usuario/EndpointController.php(36): App\Controllers\Pattern\TokenCsrfController->__construct()
 6 SYSTEMPATH/CodeIgniter.php(903): App\Controllers\Usuario\EndpointController->__construct()
 7 SYSTEMPATH/CodeIgniter.php(498): CodeIgniter\CodeIgniter->createController()
 8 SYSTEMPATH/CodeIgniter.php(354): CodeIgniter\CodeIgniter->handleRequest(null, Object(Config\Cache), false)
 9 SYSTEMPATH/Boot.php(334): CodeIgniter\CodeIgniter->run()
10 SYSTEMPATH/Boot.php(67): CodeIgniter\Boot::runCodeIgniter(Object(CodeIgniter\CodeIgniter))
11 FCPATH/index.php(56): CodeIgniter\Boot::bootWeb(Object(Config\Paths))
DEBUG - 2025-03-14 22:05:38 --> Session: Class initialized using 'CodeIgniter\Session\Handlers\FileHandler' driver.
WARNING - 2025-03-14 22:06:26 --> [DEPRECATED] Optional parameter $message declared before required parameter $typeMessage is implicitly treated as a required parameter in APPPATH/Controllers/Pattern/SystemMessageController.php on line 30.
 1 SYSTEMPATH/Autoloader/Autoloader.php(316): include_once('/var/www/html/src/system/Debug/Exceptions.php')
 2 SYSTEMPATH/Autoloader/Autoloader.php(295): CodeIgniter\Autoloader\Autoloader->includeFile('/var/www/html/src/app/Controllers/Pattern/SystemMessageController.php')
 3 SYSTEMPATH/Autoloader/Autoloader.php(271): CodeIgniter\Autoloader\Autoloader->loadInNamespace('App\\Controllers\\Pattern\\SystemMessageController')
 4 APPPATH/Controllers/Pattern/TokenCsrfController.php(18): CodeIgniter\Autoloader\Autoloader->loadClass('App\\Controllers\\Pattern\\SystemMessageController')
 5 APPPATH/Controllers/Usuario/EndpointController.php(36): App\Controllers\Pattern\TokenCsrfController->__construct()
 6 SYSTEMPATH/CodeIgniter.php(903): App\Controllers\Usuario\EndpointController->__construct()
 7 SYSTEMPATH/CodeIgniter.php(498): CodeIgniter\CodeIgniter->createController()
 8 SYSTEMPATH/CodeIgniter.php(354): CodeIgniter\CodeIgniter->handleRequest(null, Object(Config\Cache), false)
 9 SYSTEMPATH/Boot.php(334): CodeIgniter\CodeIgniter->run()
10 SYSTEMPATH/Boot.php(67): CodeIgniter\Boot::runCodeIgniter(Object(CodeIgniter\CodeIgniter))
11 FCPATH/index.php(56): CodeIgniter\Boot::bootWeb(Object(Config\Paths))
DEBUG - 2025-03-14 22:06:26 --> Session: Class initialized using 'CodeIgniter\Session\Handlers\FileHandler' driver.
WARNING - 2025-03-14 22:07:01 --> [DEPRECATED] Optional parameter $message declared before required parameter $typeMessage is implicitly treated as a required parameter in APPPATH/Controllers/Pattern/SystemMessageController.php on line 30.
 1 SYSTEMPATH/Autoloader/Autoloader.php(316): include_once('/var/www/html/src/system/Debug/Exceptions.php')
 2 SYSTEMPATH/Autoloader/Autoloader.php(295): CodeIgniter\Autoloader\Autoloader->includeFile('/var/www/html/src/app/Controllers/Pattern/SystemMessageController.php')
 3 SYSTEMPATH/Autoloader/Autoloader.php(271): CodeIgniter\Autoloader\Autoloader->loadInNamespace('App\\Controllers\\Pattern\\SystemMessageController')
 4 APPPATH/Controllers/Pattern/TokenCsrfController.php(18): CodeIgniter\Autoloader\Autoloader->loadClass('App\\Controllers\\Pattern\\SystemMessageController')
 5 APPPATH/Controllers/Usuario/EndpointController.php(36): App\Controllers\Pattern\TokenCsrfController->__construct()
 6 SYSTEMPATH/CodeIgniter.php(903): App\Controllers\Usuario\EndpointController->__construct()
 7 SYSTEMPATH/CodeIgniter.php(498): CodeIgniter\CodeIgniter->createController()
 8 SYSTEMPATH/CodeIgniter.php(354): CodeIgniter\CodeIgniter->handleRequest(null, Object(Config\Cache), false)
 9 SYSTEMPATH/Boot.php(334): CodeIgniter\CodeIgniter->run()
10 SYSTEMPATH/Boot.php(67): CodeIgniter\Boot::runCodeIgniter(Object(CodeIgniter\CodeIgniter))
11 FCPATH/index.php(56): CodeIgniter\Boot::bootWeb(Object(Config\Paths))
DEBUG - 2025-03-14 22:07:01 --> Session: Class initialized using 'CodeIgniter\Session\Handlers\FileHandler' driver.
WARNING - 2025-03-14 22:12:39 --> [DEPRECATED] Optional parameter $message declared before required parameter $typeMessage is implicitly treated as a required parameter in APPPATH/Controllers/Pattern/SystemMessageController.php on line 30.
 1 SYSTEMPATH/Autoloader/Autoloader.php(316): include_once('/var/www/html/src/system/Debug/Exceptions.php')
 2 SYSTEMPATH/Autoloader/Autoloader.php(295): CodeIgniter\Autoloader\Autoloader->includeFile('/var/www/html/src/app/Controllers/Pattern/SystemMessageController.php')
 3 SYSTEMPATH/Autoloader/Autoloader.php(271): CodeIgniter\Autoloader\Autoloader->loadInNamespace('App\\Controllers\\Pattern\\SystemMessageController')
 4 APPPATH/Controllers/Pattern/TokenCsrfController.php(18): CodeIgniter\Autoloader\Autoloader->loadClass('App\\Controllers\\Pattern\\SystemMessageController')
 5 APPPATH/Controllers/Usuario/EndpointController.php(36): App\Controllers\Pattern\TokenCsrfController->__construct()
 6 SYSTEMPATH/CodeIgniter.php(903): App\Controllers\Usuario\EndpointController->__construct()
 7 SYSTEMPATH/CodeIgniter.php(498): CodeIgniter\CodeIgniter->createController()
 8 SYSTEMPATH/CodeIgniter.php(354): CodeIgniter\CodeIgniter->handleRequest(null, Object(Config\Cache), false)
 9 SYSTEMPATH/Boot.php(334): CodeIgniter\CodeIgniter->run()
10 SYSTEMPATH/Boot.php(67): CodeIgniter\Boot::runCodeIgniter(Object(CodeIgniter\CodeIgniter))
11 FCPATH/index.php(56): CodeIgniter\Boot::bootWeb(Object(Config\Paths))
DEBUG - 2025-03-14 22:12:39 --> Session: Class initialized using 'CodeIgniter\Session\Handlers\FileHandler' driver.
